[debug] [2025-09-28T15:52:44.680Z] ----------------------------------------------------------------------
[debug] [2025-09-28T15:52:44.685Z] Command:       /usr/local/bin/node /usr/local/bin/firebase init
[debug] [2025-09-28T15:52:44.685Z] CLI Version:   14.17.0
[debug] [2025-09-28T15:52:44.685Z] Platform:      darwin
[debug] [2025-09-28T15:52:44.685Z] Node Version:  v22.11.0
[debug] [2025-09-28T15:52:44.685Z] Time:          Sun Sep 28 2025 21:22:44 GMT+0530 (India Standard Time)
[debug] [2025-09-28T15:52:44.685Z] ----------------------------------------------------------------------
[debug] 
[debug] [2025-09-28T15:52:44.789Z] > command requires scopes: ["email","openid","https://www.googleapis.com/auth/cloudplatformprojects.readonly","https://www.googleapis.com/auth/firebase","https://www.googleapis.com/auth/cloud-platform"]
[debug] [2025-09-28T15:52:44.789Z] > authorizing via signed-in user (charithharshajayashan123@gmail.com)
[info] 
     ######## #### ########  ######## ########     ###     ######  ########
     ##        ##  ##     ## ##       ##     ##  ##   ##  ##       ##
     ######    ##  ########  ######   ########  #########  ######  ######
     ##        ##  ##    ##  ##       ##     ## ##     ##       ## ##
     ##       #### ##     ## ######## ########  ##     ##  ######  ########

You're about to initialize a Firebase project in this directory:

  /Users/charithharsha

Before we get started, keep in mind:

  * You are initializing within an existing Firebase project directory

